INFO - 2023-05-21 19:07:08 --> Session: Class initialized using 'CodeIgniter\Session\Handlers\FileHandler' driver.
INFO - 2023-05-21 19:09:22 --> Session: Class initialized using 'CodeIgniter\Session\Handlers\FileHandler' driver.
INFO - 2023-05-21 19:09:44 --> Session: Class initialized using 'CodeIgniter\Session\Handlers\FileHandler' driver.
INFO - 2023-05-21 19:09:59 --> Session: Class initialized using 'CodeIgniter\Session\Handlers\FileHandler' driver.
INFO - 2023-05-21 19:11:49 --> Session: Class initialized using 'CodeIgniter\Session\Handlers\FileHandler' driver.
INFO - 2023-05-21 19:12:18 --> Session: Class initialized using 'CodeIgniter\Session\Handlers\FileHandler' driver.
INFO - 2023-05-21 19:12:20 --> Session: Class initialized using 'CodeIgniter\Session\Handlers\FileHandler' driver.
INFO - 2023-05-21 19:12:21 --> Session: Class initialized using 'CodeIgniter\Session\Handlers\FileHandler' driver.
INFO - 2023-05-21 19:12:46 --> Session: Class initialized using 'CodeIgniter\Session\Handlers\FileHandler' driver.
INFO - 2023-05-21 19:24:04 --> Session: Class initialized using 'CodeIgniter\Session\Handlers\FileHandler' driver.
INFO - 2023-05-21 19:24:23 --> Session: Class initialized using 'CodeIgniter\Session\Handlers\FileHandler' driver.
INFO - 2023-05-21 19:24:53 --> Session: Class initialized using 'CodeIgniter\Session\Handlers\FileHandler' driver.
INFO - 2023-05-21 19:25:13 --> Session: Class initialized using 'CodeIgniter\Session\Handlers\FileHandler' driver.
INFO - 2023-05-21 19:25:13 --> Session: Class initialized using 'CodeIgniter\Session\Handlers\FileHandler' driver.
INFO - 2023-05-21 19:25:28 --> Session: Class initialized using 'CodeIgniter\Session\Handlers\FileHandler' driver.
INFO - 2023-05-21 19:25:28 --> Session: Class initialized using 'CodeIgniter\Session\Handlers\FileHandler' driver.
INFO - 2023-05-21 19:25:28 --> Session: Class initialized using 'CodeIgniter\Session\Handlers\FileHandler' driver.
INFO - 2023-05-21 19:25:40 --> Session: Class initialized using 'CodeIgniter\Session\Handlers\FileHandler' driver.
INFO - 2023-05-21 19:25:59 --> Session: Class initialized using 'CodeIgniter\Session\Handlers\FileHandler' driver.
INFO - 2023-05-21 19:25:59 --> Session: Class initialized using 'CodeIgniter\Session\Handlers\FileHandler' driver.
INFO - 2023-05-21 19:26:10 --> Session: Class initialized using 'CodeIgniter\Session\Handlers\FileHandler' driver.
INFO - 2023-05-21 19:28:02 --> Session: Class initialized using 'CodeIgniter\Session\Handlers\FileHandler' driver.
INFO - 2023-05-21 19:28:06 --> Session: Class initialized using 'CodeIgniter\Session\Handlers\FileHandler' driver.
INFO - 2023-05-21 19:28:12 --> Session: Class initialized using 'CodeIgniter\Session\Handlers\FileHandler' driver.
INFO - 2023-05-21 19:28:15 --> Session: Class initialized using 'CodeIgniter\Session\Handlers\FileHandler' driver.
INFO - 2023-05-21 19:28:18 --> Session: Class initialized using 'CodeIgniter\Session\Handlers\FileHandler' driver.
ERROR - 2023-05-21 19:28:18 --> mysqli_sql_exception: Table 'casino.credentials' doesn't exist in D:\xampp\htdocs\casino1\system\Database\MySQLi\Connection.php:295
Stack trace:
#0 D:\xampp\htdocs\casino1\system\Database\MySQLi\Connection.php(295): mysqli->query('UPDATE `credent...', 0)
#1 D:\xampp\htdocs\casino1\system\Database\BaseConnection.php(691): CodeIgniter\Database\MySQLi\Connection->execute('UPDATE `credent...')
#2 D:\xampp\htdocs\casino1\system\Database\BaseConnection.php(605): CodeIgniter\Database\BaseConnection->simpleQuery('UPDATE `credent...')
#3 D:\xampp\htdocs\casino1\system\Database\BaseBuilder.php(2462): CodeIgniter\Database\BaseConnection->query('UPDATE `credent...', Array, false)
#4 D:\xampp\htdocs\casino1\app\Controllers\Login.php(32): CodeIgniter\Database\BaseBuilder->update()
#5 D:\xampp\htdocs\casino1\system\CodeIgniter.php(934): App\Controllers\Login->Auth()
#6 D:\xampp\htdocs\casino1\system\CodeIgniter.php(499): CodeIgniter\CodeIgniter->runController(Object(App\Controllers\Login))
#7 D:\xampp\htdocs\casino1\system\CodeIgniter.php(368): CodeIgniter\CodeIgniter->handleRequest(NULL, Object(Config\Cache), false)
#8 D:\xampp\htdocs\casino1\index.php(67): CodeIgniter\CodeIgniter->run()
#9 {main}
CRITICAL - 2023-05-21 19:28:18 --> Table 'casino.credentials' doesn't exist
in SYSTEMPATH\Database\BaseConnection.php on line 645.
 1 SYSTEMPATH\Database\BaseBuilder.php(2462): CodeIgniter\Database\BaseConnection->query('UPDATE `credentials` SET `lastlogin` = :lastlogin:
WHERE `user_email` = :user_email:', [...], false)
 2 APPPATH\Controllers\Login.php(32): CodeIgniter\Database\BaseBuilder->update()
 3 SYSTEMPATH\CodeIgniter.php(934): App\Controllers\Login->Auth()
 4 SYSTEMPATH\CodeIgniter.php(499): CodeIgniter\CodeIgniter->runController(Object(App\Controllers\Login))
 5 SYSTEMPATH\CodeIgniter.php(368): CodeIgniter\CodeIgniter->handleRequest(null, Object(Config\Cache), false)
 6 FCPATH\index.php(67): CodeIgniter\CodeIgniter->run()
INFO - 2023-05-21 19:28:20 --> Session: Class initialized using 'CodeIgniter\Session\Handlers\FileHandler' driver.
ERROR - 2023-05-21 19:28:20 --> mysqli_sql_exception: Table 'casino.credentials' doesn't exist in D:\xampp\htdocs\casino1\system\Database\MySQLi\Connection.php:295
Stack trace:
#0 D:\xampp\htdocs\casino1\system\Database\MySQLi\Connection.php(295): mysqli->query('UPDATE `credent...', 0)
#1 D:\xampp\htdocs\casino1\system\Database\BaseConnection.php(691): CodeIgniter\Database\MySQLi\Connection->execute('UPDATE `credent...')
#2 D:\xampp\htdocs\casino1\system\Database\BaseConnection.php(605): CodeIgniter\Database\BaseConnection->simpleQuery('UPDATE `credent...')
#3 D:\xampp\htdocs\casino1\system\Database\BaseBuilder.php(2462): CodeIgniter\Database\BaseConnection->query('UPDATE `credent...', Array, false)
#4 D:\xampp\htdocs\casino1\app\Controllers\Login.php(32): CodeIgniter\Database\BaseBuilder->update()
#5 D:\xampp\htdocs\casino1\system\CodeIgniter.php(934): App\Controllers\Login->Auth()
#6 D:\xampp\htdocs\casino1\system\CodeIgniter.php(499): CodeIgniter\CodeIgniter->runController(Object(App\Controllers\Login))
#7 D:\xampp\htdocs\casino1\system\CodeIgniter.php(368): CodeIgniter\CodeIgniter->handleRequest(NULL, Object(Config\Cache), false)
#8 D:\xampp\htdocs\casino1\index.php(67): CodeIgniter\CodeIgniter->run()
#9 {main}
CRITICAL - 2023-05-21 19:28:20 --> Table 'casino.credentials' doesn't exist
in SYSTEMPATH\Database\BaseConnection.php on line 645.
 1 SYSTEMPATH\Database\BaseBuilder.php(2462): CodeIgniter\Database\BaseConnection->query('UPDATE `credentials` SET `lastlogin` = :lastlogin:
WHERE `user_email` = :user_email:', [...], false)
 2 APPPATH\Controllers\Login.php(32): CodeIgniter\Database\BaseBuilder->update()
 3 SYSTEMPATH\CodeIgniter.php(934): App\Controllers\Login->Auth()
 4 SYSTEMPATH\CodeIgniter.php(499): CodeIgniter\CodeIgniter->runController(Object(App\Controllers\Login))
 5 SYSTEMPATH\CodeIgniter.php(368): CodeIgniter\CodeIgniter->handleRequest(null, Object(Config\Cache), false)
 6 FCPATH\index.php(67): CodeIgniter\CodeIgniter->run()
INFO - 2023-05-21 19:28:24 --> Session: Class initialized using 'CodeIgniter\Session\Handlers\FileHandler' driver.
ERROR - 2023-05-21 19:28:24 --> mysqli_sql_exception: Table 'casino.credentials' doesn't exist in D:\xampp\htdocs\casino1\system\Database\MySQLi\Connection.php:295
Stack trace:
#0 D:\xampp\htdocs\casino1\system\Database\MySQLi\Connection.php(295): mysqli->query('UPDATE `credent...', 0)
#1 D:\xampp\htdocs\casino1\system\Database\BaseConnection.php(691): CodeIgniter\Database\MySQLi\Connection->execute('UPDATE `credent...')
#2 D:\xampp\htdocs\casino1\system\Database\BaseConnection.php(605): CodeIgniter\Database\BaseConnection->simpleQuery('UPDATE `credent...')
#3 D:\xampp\htdocs\casino1\system\Database\BaseBuilder.php(2462): CodeIgniter\Database\BaseConnection->query('UPDATE `credent...', Array, false)
#4 D:\xampp\htdocs\casino1\app\Controllers\Login.php(32): CodeIgniter\Database\BaseBuilder->update()
#5 D:\xampp\htdocs\casino1\system\CodeIgniter.php(934): App\Controllers\Login->Auth()
#6 D:\xampp\htdocs\casino1\system\CodeIgniter.php(499): CodeIgniter\CodeIgniter->runController(Object(App\Controllers\Login))
#7 D:\xampp\htdocs\casino1\system\CodeIgniter.php(368): CodeIgniter\CodeIgniter->handleRequest(NULL, Object(Config\Cache), false)
#8 D:\xampp\htdocs\casino1\index.php(67): CodeIgniter\CodeIgniter->run()
#9 {main}
CRITICAL - 2023-05-21 19:28:24 --> Table 'casino.credentials' doesn't exist
in SYSTEMPATH\Database\BaseConnection.php on line 645.
 1 SYSTEMPATH\Database\BaseBuilder.php(2462): CodeIgniter\Database\BaseConnection->query('UPDATE `credentials` SET `lastlogin` = :lastlogin:
WHERE `user_email` = :user_email:', [...], false)
 2 APPPATH\Controllers\Login.php(32): CodeIgniter\Database\BaseBuilder->update()
 3 SYSTEMPATH\CodeIgniter.php(934): App\Controllers\Login->Auth()
 4 SYSTEMPATH\CodeIgniter.php(499): CodeIgniter\CodeIgniter->runController(Object(App\Controllers\Login))
 5 SYSTEMPATH\CodeIgniter.php(368): CodeIgniter\CodeIgniter->handleRequest(null, Object(Config\Cache), false)
 6 FCPATH\index.php(67): CodeIgniter\CodeIgniter->run()
INFO - 2023-05-21 19:29:24 --> Session: Class initialized using 'CodeIgniter\Session\Handlers\FileHandler' driver.
INFO - 2023-05-21 19:29:55 --> Session: Class initialized using 'CodeIgniter\Session\Handlers\FileHandler' driver.
INFO - 2023-05-21 19:31:19 --> Session: Class initialized using 'CodeIgniter\Session\Handlers\FileHandler' driver.
INFO - 2023-05-21 19:31:27 --> Session: Class initialized using 'CodeIgniter\Session\Handlers\FileHandler' driver.
INFO - 2023-05-21 19:31:28 --> Session: Class initialized using 'CodeIgniter\Session\Handlers\FileHandler' driver.
INFO - 2023-05-21 19:31:29 --> Session: Class initialized using 'CodeIgniter\Session\Handlers\FileHandler' driver.
INFO - 2023-05-21 19:31:30 --> Session: Class initialized using 'CodeIgniter\Session\Handlers\FileHandler' driver.
INFO - 2023-05-21 19:34:48 --> Session: Class initialized using 'CodeIgniter\Session\Handlers\FileHandler' driver.
INFO - 2023-05-21 19:36:18 --> Session: Class initialized using 'CodeIgniter\Session\Handlers\FileHandler' driver.
INFO - 2023-05-21 19:36:18 --> Session: Class initialized using 'CodeIgniter\Session\Handlers\FileHandler' driver.
INFO - 2023-05-21 19:36:20 --> Session: Class initialized using 'CodeIgniter\Session\Handlers\FileHandler' driver.
INFO - 2023-05-21 19:37:50 --> Session: Class initialized using 'CodeIgniter\Session\Handlers\FileHandler' driver.
INFO - 2023-05-21 19:37:53 --> Session: Class initialized using 'CodeIgniter\Session\Handlers\FileHandler' driver.
INFO - 2023-05-21 19:38:13 --> Session: Class initialized using 'CodeIgniter\Session\Handlers\FileHandler' driver.
INFO - 2023-05-21 19:39:15 --> Session: Class initialized using 'CodeIgniter\Session\Handlers\FileHandler' driver.
INFO - 2023-05-21 19:39:26 --> Session: Class initialized using 'CodeIgniter\Session\Handlers\FileHandler' driver.
INFO - 2023-05-21 19:39:28 --> Session: Class initialized using 'CodeIgniter\Session\Handlers\FileHandler' driver.
INFO - 2023-05-21 19:39:47 --> Session: Class initialized using 'CodeIgniter\Session\Handlers\FileHandler' driver.
INFO - 2023-05-21 19:39:59 --> Session: Class initialized using 'CodeIgniter\Session\Handlers\FileHandler' driver.
INFO - 2023-05-21 19:40:01 --> Session: Class initialized using 'CodeIgniter\Session\Handlers\FileHandler' driver.
INFO - 2023-05-21 19:40:13 --> Session: Class initialized using 'CodeIgniter\Session\Handlers\FileHandler' driver.
INFO - 2023-05-21 19:41:16 --> Session: Class initialized using 'CodeIgniter\Session\Handlers\FileHandler' driver.
INFO - 2023-05-21 19:41:16 --> Session: Class initialized using 'CodeIgniter\Session\Handlers\FileHandler' driver.
INFO - 2023-05-21 19:41:30 --> Session: Class initialized using 'CodeIgniter\Session\Handlers\FileHandler' driver.
INFO - 2023-05-21 19:41:32 --> Session: Class initialized using 'CodeIgniter\Session\Handlers\FileHandler' driver.
INFO - 2023-05-21 19:41:38 --> Session: Class initialized using 'CodeIgniter\Session\Handlers\FileHandler' driver.
INFO - 2023-05-21 19:41:38 --> Session: Class initialized using 'CodeIgniter\Session\Handlers\FileHandler' driver.
INFO - 2023-05-21 19:43:15 --> Session: Class initialized using 'CodeIgniter\Session\Handlers\FileHandler' driver.
INFO - 2023-05-21 19:52:14 --> Session: Class initialized using 'CodeIgniter\Session\Handlers\FileHandler' driver.
INFO - 2023-05-21 19:52:18 --> Session: Class initialized using 'CodeIgniter\Session\Handlers\FileHandler' driver.
INFO - 2023-05-21 19:52:37 --> Session: Class initialized using 'CodeIgniter\Session\Handlers\FileHandler' driver.
INFO - 2023-05-21 19:52:45 --> Session: Class initialized using 'CodeIgniter\Session\Handlers\FileHandler' driver.
INFO - 2023-05-21 19:53:14 --> Session: Class initialized using 'CodeIgniter\Session\Handlers\FileHandler' driver.
INFO - 2023-05-21 19:53:15 --> Session: Class initialized using 'CodeIgniter\Session\Handlers\FileHandler' driver.
INFO - 2023-05-21 19:53:17 --> Session: Class initialized using 'CodeIgniter\Session\Handlers\FileHandler' driver.
INFO - 2023-05-21 19:53:17 --> Session: Class initialized using 'CodeIgniter\Session\Handlers\FileHandler' driver.
INFO - 2023-05-21 19:53:17 --> Session: Class initialized using 'CodeIgniter\Session\Handlers\FileHandler' driver.
INFO - 2023-05-21 19:53:27 --> Session: Class initialized using 'CodeIgniter\Session\Handlers\FileHandler' driver.
INFO - 2023-05-21 19:53:28 --> Session: Class initialized using 'CodeIgniter\Session\Handlers\FileHandler' driver.
INFO - 2023-05-21 19:53:28 --> Session: Class initialized using 'CodeIgniter\Session\Handlers\FileHandler' driver.
INFO - 2023-05-21 19:53:29 --> Session: Class initialized using 'CodeIgniter\Session\Handlers\FileHandler' driver.
INFO - 2023-05-21 19:53:33 --> Session: Class initialized using 'CodeIgniter\Session\Handlers\FileHandler' driver.
INFO - 2023-05-21 19:53:46 --> Session: Class initialized using 'CodeIgniter\Session\Handlers\FileHandler' driver.
INFO - 2023-05-21 19:53:55 --> Session: Class initialized using 'CodeIgniter\Session\Handlers\FileHandler' driver.
INFO - 2023-05-21 19:53:55 --> Session: Class initialized using 'CodeIgniter\Session\Handlers\FileHandler' driver.
INFO - 2023-05-21 19:53:55 --> Session: Class initialized using 'CodeIgniter\Session\Handlers\FileHandler' driver.
INFO - 2023-05-21 19:53:56 --> Session: Class initialized using 'CodeIgniter\Session\Handlers\FileHandler' driver.
INFO - 2023-05-21 19:54:29 --> Session: Class initialized using 'CodeIgniter\Session\Handlers\FileHandler' driver.
INFO - 2023-05-21 19:54:36 --> Session: Class initialized using 'CodeIgniter\Session\Handlers\FileHandler' driver.
INFO - 2023-05-21 19:54:42 --> Session: Class initialized using 'CodeIgniter\Session\Handlers\FileHandler' driver.
CRITICAL - 2023-05-21 19:54:42 --> CodeIgniter\Validation\StrictRules\Rules::is_unique(): Argument #2 ($field) must be of type string, null given, called in D:\xampp\htdocs\casino1\system\Validation\Validation.php on line 311
in SYSTEMPATH\Validation\StrictRules\Rules.php on line 179.
 1 SYSTEMPATH\Validation\Validation.php(311): CodeIgniter\Validation\StrictRules\Rules->is_unique('m', null)
 2 SYSTEMPATH\Validation\Validation.php(170): CodeIgniter\Validation\Validation->processRules('username', 'UserName ', 'm', [...], [...])
 3 APPPATH\Controllers\Login.php(58): CodeIgniter\Validation\Validation->run()
 4 SYSTEMPATH\CodeIgniter.php(934): App\Controllers\Login->register()
 5 SYSTEMPATH\CodeIgniter.php(499): CodeIgniter\CodeIgniter->runController(Object(App\Controllers\Login))
 6 SYSTEMPATH\CodeIgniter.php(368): CodeIgniter\CodeIgniter->handleRequest(null, Object(Config\Cache), false)
 7 FCPATH\index.php(67): CodeIgniter\CodeIgniter->run()
INFO - 2023-05-21 19:54:51 --> Session: Class initialized using 'CodeIgniter\Session\Handlers\FileHandler' driver.
CRITICAL - 2023-05-21 19:54:51 --> CodeIgniter\Validation\StrictRules\Rules::is_unique(): Argument #2 ($field) must be of type string, null given, called in D:\xampp\htdocs\casino1\system\Validation\Validation.php on line 311
in SYSTEMPATH\Validation\StrictRules\Rules.php on line 179.
 1 SYSTEMPATH\Validation\Validation.php(311): CodeIgniter\Validation\StrictRules\Rules->is_unique('test username', null)
 2 SYSTEMPATH\Validation\Validation.php(170): CodeIgniter\Validation\Validation->processRules('username', 'UserName ', 'test username', [...], [...])
 3 APPPATH\Controllers\Login.php(58): CodeIgniter\Validation\Validation->run()
 4 SYSTEMPATH\CodeIgniter.php(934): App\Controllers\Login->register()
 5 SYSTEMPATH\CodeIgniter.php(499): CodeIgniter\CodeIgniter->runController(Object(App\Controllers\Login))
 6 SYSTEMPATH\CodeIgniter.php(368): CodeIgniter\CodeIgniter->handleRequest(null, Object(Config\Cache), false)
 7 FCPATH\index.php(67): CodeIgniter\CodeIgniter->run()
INFO - 2023-05-21 19:54:53 --> Session: Class initialized using 'CodeIgniter\Session\Handlers\FileHandler' driver.
CRITICAL - 2023-05-21 19:54:53 --> CodeIgniter\Validation\StrictRules\Rules::is_unique(): Argument #2 ($field) must be of type string, null given, called in D:\xampp\htdocs\casino1\system\Validation\Validation.php on line 311
in SYSTEMPATH\Validation\StrictRules\Rules.php on line 179.
 1 SYSTEMPATH\Validation\Validation.php(311): CodeIgniter\Validation\StrictRules\Rules->is_unique('test username', null)
 2 SYSTEMPATH\Validation\Validation.php(170): CodeIgniter\Validation\Validation->processRules('username', 'UserName ', 'test username', [...], [...])
 3 APPPATH\Controllers\Login.php(58): CodeIgniter\Validation\Validation->run()
 4 SYSTEMPATH\CodeIgniter.php(934): App\Controllers\Login->register()
 5 SYSTEMPATH\CodeIgniter.php(499): CodeIgniter\CodeIgniter->runController(Object(App\Controllers\Login))
 6 SYSTEMPATH\CodeIgniter.php(368): CodeIgniter\CodeIgniter->handleRequest(null, Object(Config\Cache), false)
 7 FCPATH\index.php(67): CodeIgniter\CodeIgniter->run()
INFO - 2023-05-21 19:54:53 --> Session: Class initialized using 'CodeIgniter\Session\Handlers\FileHandler' driver.
CRITICAL - 2023-05-21 19:54:53 --> CodeIgniter\Validation\StrictRules\Rules::is_unique(): Argument #2 ($field) must be of type string, null given, called in D:\xampp\htdocs\casino1\system\Validation\Validation.php on line 311
in SYSTEMPATH\Validation\StrictRules\Rules.php on line 179.
 1 SYSTEMPATH\Validation\Validation.php(311): CodeIgniter\Validation\StrictRules\Rules->is_unique('test username', null)
 2 SYSTEMPATH\Validation\Validation.php(170): CodeIgniter\Validation\Validation->processRules('username', 'UserName ', 'test username', [...], [...])
 3 APPPATH\Controllers\Login.php(58): CodeIgniter\Validation\Validation->run()
 4 SYSTEMPATH\CodeIgniter.php(934): App\Controllers\Login->register()
 5 SYSTEMPATH\CodeIgniter.php(499): CodeIgniter\CodeIgniter->runController(Object(App\Controllers\Login))
 6 SYSTEMPATH\CodeIgniter.php(368): CodeIgniter\CodeIgniter->handleRequest(null, Object(Config\Cache), false)
 7 FCPATH\index.php(67): CodeIgniter\CodeIgniter->run()
INFO - 2023-05-21 19:54:53 --> Session: Class initialized using 'CodeIgniter\Session\Handlers\FileHandler' driver.
CRITICAL - 2023-05-21 19:54:53 --> CodeIgniter\Validation\StrictRules\Rules::is_unique(): Argument #2 ($field) must be of type string, null given, called in D:\xampp\htdocs\casino1\system\Validation\Validation.php on line 311
in SYSTEMPATH\Validation\StrictRules\Rules.php on line 179.
 1 SYSTEMPATH\Validation\Validation.php(311): CodeIgniter\Validation\StrictRules\Rules->is_unique('test username', null)
 2 SYSTEMPATH\Validation\Validation.php(170): CodeIgniter\Validation\Validation->processRules('username', 'UserName ', 'test username', [...], [...])
 3 APPPATH\Controllers\Login.php(58): CodeIgniter\Validation\Validation->run()
 4 SYSTEMPATH\CodeIgniter.php(934): App\Controllers\Login->register()
 5 SYSTEMPATH\CodeIgniter.php(499): CodeIgniter\CodeIgniter->runController(Object(App\Controllers\Login))
 6 SYSTEMPATH\CodeIgniter.php(368): CodeIgniter\CodeIgniter->handleRequest(null, Object(Config\Cache), false)
 7 FCPATH\index.php(67): CodeIgniter\CodeIgniter->run()
INFO - 2023-05-21 19:54:54 --> Session: Class initialized using 'CodeIgniter\Session\Handlers\FileHandler' driver.
CRITICAL - 2023-05-21 19:54:54 --> CodeIgniter\Validation\StrictRules\Rules::is_unique(): Argument #2 ($field) must be of type string, null given, called in D:\xampp\htdocs\casino1\system\Validation\Validation.php on line 311
in SYSTEMPATH\Validation\StrictRules\Rules.php on line 179.
 1 SYSTEMPATH\Validation\Validation.php(311): CodeIgniter\Validation\StrictRules\Rules->is_unique('test username', null)
 2 SYSTEMPATH\Validation\Validation.php(170): CodeIgniter\Validation\Validation->processRules('username', 'UserName ', 'test username', [...], [...])
 3 APPPATH\Controllers\Login.php(58): CodeIgniter\Validation\Validation->run()
 4 SYSTEMPATH\CodeIgniter.php(934): App\Controllers\Login->register()
 5 SYSTEMPATH\CodeIgniter.php(499): CodeIgniter\CodeIgniter->runController(Object(App\Controllers\Login))
 6 SYSTEMPATH\CodeIgniter.php(368): CodeIgniter\CodeIgniter->handleRequest(null, Object(Config\Cache), false)
 7 FCPATH\index.php(67): CodeIgniter\CodeIgniter->run()
INFO - 2023-05-21 19:54:54 --> Session: Class initialized using 'CodeIgniter\Session\Handlers\FileHandler' driver.
CRITICAL - 2023-05-21 19:54:54 --> CodeIgniter\Validation\StrictRules\Rules::is_unique(): Argument #2 ($field) must be of type string, null given, called in D:\xampp\htdocs\casino1\system\Validation\Validation.php on line 311
in SYSTEMPATH\Validation\StrictRules\Rules.php on line 179.
 1 SYSTEMPATH\Validation\Validation.php(311): CodeIgniter\Validation\StrictRules\Rules->is_unique('test username', null)
 2 SYSTEMPATH\Validation\Validation.php(170): CodeIgniter\Validation\Validation->processRules('username', 'UserName ', 'test username', [...], [...])
 3 APPPATH\Controllers\Login.php(58): CodeIgniter\Validation\Validation->run()
 4 SYSTEMPATH\CodeIgniter.php(934): App\Controllers\Login->register()
 5 SYSTEMPATH\CodeIgniter.php(499): CodeIgniter\CodeIgniter->runController(Object(App\Controllers\Login))
 6 SYSTEMPATH\CodeIgniter.php(368): CodeIgniter\CodeIgniter->handleRequest(null, Object(Config\Cache), false)
 7 FCPATH\index.php(67): CodeIgniter\CodeIgniter->run()
INFO - 2023-05-21 19:56:40 --> Session: Class initialized using 'CodeIgniter\Session\Handlers\FileHandler' driver.
INFO - 2023-05-21 19:56:49 --> Session: Class initialized using 'CodeIgniter\Session\Handlers\FileHandler' driver.
CRITICAL - 2023-05-21 19:56:49 --> CodeIgniter\Validation\StrictRules\Rules::is_unique(): Argument #2 ($field) must be of type string, null given, called in D:\xampp\htdocs\casino1\system\Validation\Validation.php on line 311
in SYSTEMPATH\Validation\StrictRules\Rules.php on line 179.
 1 SYSTEMPATH\Validation\Validation.php(311): CodeIgniter\Validation\StrictRules\Rules->is_unique('t', null)
 2 SYSTEMPATH\Validation\Validation.php(170): CodeIgniter\Validation\Validation->processRules('user_name', 'UserName ', 't', [...], [...])
 3 APPPATH\Controllers\Login.php(58): CodeIgniter\Validation\Validation->run()
 4 SYSTEMPATH\CodeIgniter.php(934): App\Controllers\Login->register()
 5 SYSTEMPATH\CodeIgniter.php(499): CodeIgniter\CodeIgniter->runController(Object(App\Controllers\Login))
 6 SYSTEMPATH\CodeIgniter.php(368): CodeIgniter\CodeIgniter->handleRequest(null, Object(Config\Cache), false)
 7 FCPATH\index.php(67): CodeIgniter\CodeIgniter->run()
INFO - 2023-05-21 19:56:49 --> Session: Class initialized using 'CodeIgniter\Session\Handlers\FileHandler' driver.
CRITICAL - 2023-05-21 19:56:49 --> CodeIgniter\Validation\StrictRules\Rules::is_unique(): Argument #2 ($field) must be of type string, null given, called in D:\xampp\htdocs\casino1\system\Validation\Validation.php on line 311
in SYSTEMPATH\Validation\StrictRules\Rules.php on line 179.
 1 SYSTEMPATH\Validation\Validation.php(311): CodeIgniter\Validation\StrictRules\Rules->is_unique('t', null)
 2 SYSTEMPATH\Validation\Validation.php(170): CodeIgniter\Validation\Validation->processRules('user_name', 'UserName ', 't', [...], [...])
 3 APPPATH\Controllers\Login.php(58): CodeIgniter\Validation\Validation->run()
 4 SYSTEMPATH\CodeIgniter.php(934): App\Controllers\Login->register()
 5 SYSTEMPATH\CodeIgniter.php(499): CodeIgniter\CodeIgniter->runController(Object(App\Controllers\Login))
 6 SYSTEMPATH\CodeIgniter.php(368): CodeIgniter\CodeIgniter->handleRequest(null, Object(Config\Cache), false)
 7 FCPATH\index.php(67): CodeIgniter\CodeIgniter->run()
INFO - 2023-05-21 19:56:50 --> Session: Class initialized using 'CodeIgniter\Session\Handlers\FileHandler' driver.
CRITICAL - 2023-05-21 19:56:51 --> CodeIgniter\Validation\StrictRules\Rules::is_unique(): Argument #2 ($field) must be of type string, null given, called in D:\xampp\htdocs\casino1\system\Validation\Validation.php on line 311
in SYSTEMPATH\Validation\StrictRules\Rules.php on line 179.
 1 SYSTEMPATH\Validation\Validation.php(311): CodeIgniter\Validation\StrictRules\Rules->is_unique('t', null)
 2 SYSTEMPATH\Validation\Validation.php(170): CodeIgniter\Validation\Validation->processRules('user_name', 'UserName ', 't', [...], [...])
 3 APPPATH\Controllers\Login.php(58): CodeIgniter\Validation\Validation->run()
 4 SYSTEMPATH\CodeIgniter.php(934): App\Controllers\Login->register()
 5 SYSTEMPATH\CodeIgniter.php(499): CodeIgniter\CodeIgniter->runController(Object(App\Controllers\Login))
 6 SYSTEMPATH\CodeIgniter.php(368): CodeIgniter\CodeIgniter->handleRequest(null, Object(Config\Cache), false)
 7 FCPATH\index.php(67): CodeIgniter\CodeIgniter->run()
INFO - 2023-05-21 19:56:51 --> Session: Class initialized using 'CodeIgniter\Session\Handlers\FileHandler' driver.
CRITICAL - 2023-05-21 19:56:51 --> CodeIgniter\Validation\StrictRules\Rules::is_unique(): Argument #2 ($field) must be of type string, null given, called in D:\xampp\htdocs\casino1\system\Validation\Validation.php on line 311
in SYSTEMPATH\Validation\StrictRules\Rules.php on line 179.
 1 SYSTEMPATH\Validation\Validation.php(311): CodeIgniter\Validation\StrictRules\Rules->is_unique('t', null)
 2 SYSTEMPATH\Validation\Validation.php(170): CodeIgniter\Validation\Validation->processRules('user_name', 'UserName ', 't', [...], [...])
 3 APPPATH\Controllers\Login.php(58): CodeIgniter\Validation\Validation->run()
 4 SYSTEMPATH\CodeIgniter.php(934): App\Controllers\Login->register()
 5 SYSTEMPATH\CodeIgniter.php(499): CodeIgniter\CodeIgniter->runController(Object(App\Controllers\Login))
 6 SYSTEMPATH\CodeIgniter.php(368): CodeIgniter\CodeIgniter->handleRequest(null, Object(Config\Cache), false)
 7 FCPATH\index.php(67): CodeIgniter\CodeIgniter->run()
INFO - 2023-05-21 19:56:52 --> Session: Class initialized using 'CodeIgniter\Session\Handlers\FileHandler' driver.
CRITICAL - 2023-05-21 19:56:52 --> CodeIgniter\Validation\StrictRules\Rules::is_unique(): Argument #2 ($field) must be of type string, null given, called in D:\xampp\htdocs\casino1\system\Validation\Validation.php on line 311
in SYSTEMPATH\Validation\StrictRules\Rules.php on line 179.
 1 SYSTEMPATH\Validation\Validation.php(311): CodeIgniter\Validation\StrictRules\Rules->is_unique('t', null)
 2 SYSTEMPATH\Validation\Validation.php(170): CodeIgniter\Validation\Validation->processRules('user_name', 'UserName ', 't', [...], [...])
 3 APPPATH\Controllers\Login.php(58): CodeIgniter\Validation\Validation->run()
 4 SYSTEMPATH\CodeIgniter.php(934): App\Controllers\Login->register()
 5 SYSTEMPATH\CodeIgniter.php(499): CodeIgniter\CodeIgniter->runController(Object(App\Controllers\Login))
 6 SYSTEMPATH\CodeIgniter.php(368): CodeIgniter\CodeIgniter->handleRequest(null, Object(Config\Cache), false)
 7 FCPATH\index.php(67): CodeIgniter\CodeIgniter->run()
INFO - 2023-05-21 19:56:53 --> Session: Class initialized using 'CodeIgniter\Session\Handlers\FileHandler' driver.
CRITICAL - 2023-05-21 19:56:53 --> CodeIgniter\Validation\StrictRules\Rules::is_unique(): Argument #2 ($field) must be of type string, null given, called in D:\xampp\htdocs\casino1\system\Validation\Validation.php on line 311
in SYSTEMPATH\Validation\StrictRules\Rules.php on line 179.
 1 SYSTEMPATH\Validation\Validation.php(311): CodeIgniter\Validation\StrictRules\Rules->is_unique('t', null)
 2 SYSTEMPATH\Validation\Validation.php(170): CodeIgniter\Validation\Validation->processRules('user_name', 'UserName ', 't', [...], [...])
 3 APPPATH\Controllers\Login.php(58): CodeIgniter\Validation\Validation->run()
 4 SYSTEMPATH\CodeIgniter.php(934): App\Controllers\Login->register()
 5 SYSTEMPATH\CodeIgniter.php(499): CodeIgniter\CodeIgniter->runController(Object(App\Controllers\Login))
 6 SYSTEMPATH\CodeIgniter.php(368): CodeIgniter\CodeIgniter->handleRequest(null, Object(Config\Cache), false)
 7 FCPATH\index.php(67): CodeIgniter\CodeIgniter->run()
INFO - 2023-05-21 19:56:53 --> Session: Class initialized using 'CodeIgniter\Session\Handlers\FileHandler' driver.
CRITICAL - 2023-05-21 19:56:53 --> CodeIgniter\Validation\StrictRules\Rules::is_unique(): Argument #2 ($field) must be of type string, null given, called in D:\xampp\htdocs\casino1\system\Validation\Validation.php on line 311
in SYSTEMPATH\Validation\StrictRules\Rules.php on line 179.
 1 SYSTEMPATH\Validation\Validation.php(311): CodeIgniter\Validation\StrictRules\Rules->is_unique('t', null)
 2 SYSTEMPATH\Validation\Validation.php(170): CodeIgniter\Validation\Validation->processRules('user_name', 'UserName ', 't', [...], [...])
 3 APPPATH\Controllers\Login.php(58): CodeIgniter\Validation\Validation->run()
 4 SYSTEMPATH\CodeIgniter.php(934): App\Controllers\Login->register()
 5 SYSTEMPATH\CodeIgniter.php(499): CodeIgniter\CodeIgniter->runController(Object(App\Controllers\Login))
 6 SYSTEMPATH\CodeIgniter.php(368): CodeIgniter\CodeIgniter->handleRequest(null, Object(Config\Cache), false)
 7 FCPATH\index.php(67): CodeIgniter\CodeIgniter->run()
INFO - 2023-05-21 19:56:53 --> Session: Class initialized using 'CodeIgniter\Session\Handlers\FileHandler' driver.
CRITICAL - 2023-05-21 19:56:53 --> CodeIgniter\Validation\StrictRules\Rules::is_unique(): Argument #2 ($field) must be of type string, null given, called in D:\xampp\htdocs\casino1\system\Validation\Validation.php on line 311
in SYSTEMPATH\Validation\StrictRules\Rules.php on line 179.
 1 SYSTEMPATH\Validation\Validation.php(311): CodeIgniter\Validation\StrictRules\Rules->is_unique('t', null)
 2 SYSTEMPATH\Validation\Validation.php(170): CodeIgniter\Validation\Validation->processRules('user_name', 'UserName ', 't', [...], [...])
 3 APPPATH\Controllers\Login.php(58): CodeIgniter\Validation\Validation->run()
 4 SYSTEMPATH\CodeIgniter.php(934): App\Controllers\Login->register()
 5 SYSTEMPATH\CodeIgniter.php(499): CodeIgniter\CodeIgniter->runController(Object(App\Controllers\Login))
 6 SYSTEMPATH\CodeIgniter.php(368): CodeIgniter\CodeIgniter->handleRequest(null, Object(Config\Cache), false)
 7 FCPATH\index.php(67): CodeIgniter\CodeIgniter->run()
INFO - 2023-05-21 19:56:54 --> Session: Class initialized using 'CodeIgniter\Session\Handlers\FileHandler' driver.
CRITICAL - 2023-05-21 19:56:54 --> CodeIgniter\Validation\StrictRules\Rules::is_unique(): Argument #2 ($field) must be of type string, null given, called in D:\xampp\htdocs\casino1\system\Validation\Validation.php on line 311
in SYSTEMPATH\Validation\StrictRules\Rules.php on line 179.
 1 SYSTEMPATH\Validation\Validation.php(311): CodeIgniter\Validation\StrictRules\Rules->is_unique('t', null)
 2 SYSTEMPATH\Validation\Validation.php(170): CodeIgniter\Validation\Validation->processRules('user_name', 'UserName ', 't', [...], [...])
 3 APPPATH\Controllers\Login.php(58): CodeIgniter\Validation\Validation->run()
 4 SYSTEMPATH\CodeIgniter.php(934): App\Controllers\Login->register()
 5 SYSTEMPATH\CodeIgniter.php(499): CodeIgniter\CodeIgniter->runController(Object(App\Controllers\Login))
 6 SYSTEMPATH\CodeIgniter.php(368): CodeIgniter\CodeIgniter->handleRequest(null, Object(Config\Cache), false)
 7 FCPATH\index.php(67): CodeIgniter\CodeIgniter->run()
INFO - 2023-05-21 19:56:56 --> Session: Class initialized using 'CodeIgniter\Session\Handlers\FileHandler' driver.
CRITICAL - 2023-05-21 19:56:56 --> CodeIgniter\Validation\StrictRules\Rules::is_unique(): Argument #2 ($field) must be of type string, null given, called in D:\xampp\htdocs\casino1\system\Validation\Validation.php on line 311
in SYSTEMPATH\Validation\StrictRules\Rules.php on line 179.
 1 SYSTEMPATH\Validation\Validation.php(311): CodeIgniter\Validation\StrictRules\Rules->is_unique('t', null)
 2 SYSTEMPATH\Validation\Validation.php(170): CodeIgniter\Validation\Validation->processRules('user_name', 'UserName ', 't', [...], [...])
 3 APPPATH\Controllers\Login.php(58): CodeIgniter\Validation\Validation->run()
 4 SYSTEMPATH\CodeIgniter.php(934): App\Controllers\Login->register()
 5 SYSTEMPATH\CodeIgniter.php(499): CodeIgniter\CodeIgniter->runController(Object(App\Controllers\Login))
 6 SYSTEMPATH\CodeIgniter.php(368): CodeIgniter\CodeIgniter->handleRequest(null, Object(Config\Cache), false)
 7 FCPATH\index.php(67): CodeIgniter\CodeIgniter->run()
INFO - 2023-05-21 19:57:01 --> Session: Class initialized using 'CodeIgniter\Session\Handlers\FileHandler' driver.
CRITICAL - 2023-05-21 19:57:01 --> CodeIgniter\Validation\StrictRules\Rules::is_unique(): Argument #2 ($field) must be of type string, null given, called in D:\xampp\htdocs\casino1\system\Validation\Validation.php on line 311
in SYSTEMPATH\Validation\StrictRules\Rules.php on line 179.
 1 SYSTEMPATH\Validation\Validation.php(311): CodeIgniter\Validation\StrictRules\Rules->is_unique('t', null)
 2 SYSTEMPATH\Validation\Validation.php(170): CodeIgniter\Validation\Validation->processRules('user_name', 'UserName ', 't', [...], [...])
 3 APPPATH\Controllers\Login.php(58): CodeIgniter\Validation\Validation->run()
 4 SYSTEMPATH\CodeIgniter.php(934): App\Controllers\Login->register()
 5 SYSTEMPATH\CodeIgniter.php(499): CodeIgniter\CodeIgniter->runController(Object(App\Controllers\Login))
 6 SYSTEMPATH\CodeIgniter.php(368): CodeIgniter\CodeIgniter->handleRequest(null, Object(Config\Cache), false)
 7 FCPATH\index.php(67): CodeIgniter\CodeIgniter->run()
INFO - 2023-05-21 19:58:08 --> Session: Class initialized using 'CodeIgniter\Session\Handlers\FileHandler' driver.
INFO - 2023-05-21 19:58:13 --> Session: Class initialized using 'CodeIgniter\Session\Handlers\FileHandler' driver.
INFO - 2023-05-21 19:58:19 --> Session: Class initialized using 'CodeIgniter\Session\Handlers\FileHandler' driver.
CRITICAL - 2023-05-21 19:58:19 --> CodeIgniter\Validation\StrictRules\Rules::is_unique(): Argument #2 ($field) must be of type string, null given, called in D:\xampp\htdocs\casino1\system\Validation\Validation.php on line 311
in SYSTEMPATH\Validation\StrictRules\Rules.php on line 179.
 1 SYSTEMPATH\Validation\Validation.php(311): CodeIgniter\Validation\StrictRules\Rules->is_unique('m', null)
 2 SYSTEMPATH\Validation\Validation.php(170): CodeIgniter\Validation\Validation->processRules('user_name', 'UserName ', 'm', [...], [...])
 3 APPPATH\Controllers\Login.php(58): CodeIgniter\Validation\Validation->run()
 4 SYSTEMPATH\CodeIgniter.php(934): App\Controllers\Login->register()
 5 SYSTEMPATH\CodeIgniter.php(499): CodeIgniter\CodeIgniter->runController(Object(App\Controllers\Login))
 6 SYSTEMPATH\CodeIgniter.php(368): CodeIgniter\CodeIgniter->handleRequest(null, Object(Config\Cache), false)
 7 FCPATH\index.php(67): CodeIgniter\CodeIgniter->run()
INFO - 2023-05-21 19:58:20 --> Session: Class initialized using 'CodeIgniter\Session\Handlers\FileHandler' driver.
CRITICAL - 2023-05-21 19:58:20 --> CodeIgniter\Validation\StrictRules\Rules::is_unique(): Argument #2 ($field) must be of type string, null given, called in D:\xampp\htdocs\casino1\system\Validation\Validation.php on line 311
in SYSTEMPATH\Validation\StrictRules\Rules.php on line 179.
 1 SYSTEMPATH\Validation\Validation.php(311): CodeIgniter\Validation\StrictRules\Rules->is_unique('m', null)
 2 SYSTEMPATH\Validation\Validation.php(170): CodeIgniter\Validation\Validation->processRules('user_name', 'UserName ', 'm', [...], [...])
 3 APPPATH\Controllers\Login.php(58): CodeIgniter\Validation\Validation->run()
 4 SYSTEMPATH\CodeIgniter.php(934): App\Controllers\Login->register()
 5 SYSTEMPATH\CodeIgniter.php(499): CodeIgniter\CodeIgniter->runController(Object(App\Controllers\Login))
 6 SYSTEMPATH\CodeIgniter.php(368): CodeIgniter\CodeIgniter->handleRequest(null, Object(Config\Cache), false)
 7 FCPATH\index.php(67): CodeIgniter\CodeIgniter->run()
INFO - 2023-05-21 19:58:21 --> Session: Class initialized using 'CodeIgniter\Session\Handlers\FileHandler' driver.
CRITICAL - 2023-05-21 19:58:21 --> CodeIgniter\Validation\StrictRules\Rules::is_unique(): Argument #2 ($field) must be of type string, null given, called in D:\xampp\htdocs\casino1\system\Validation\Validation.php on line 311
in SYSTEMPATH\Validation\StrictRules\Rules.php on line 179.
 1 SYSTEMPATH\Validation\Validation.php(311): CodeIgniter\Validation\StrictRules\Rules->is_unique('m', null)
 2 SYSTEMPATH\Validation\Validation.php(170): CodeIgniter\Validation\Validation->processRules('user_name', 'UserName ', 'm', [...], [...])
 3 APPPATH\Controllers\Login.php(58): CodeIgniter\Validation\Validation->run()
 4 SYSTEMPATH\CodeIgniter.php(934): App\Controllers\Login->register()
 5 SYSTEMPATH\CodeIgniter.php(499): CodeIgniter\CodeIgniter->runController(Object(App\Controllers\Login))
 6 SYSTEMPATH\CodeIgniter.php(368): CodeIgniter\CodeIgniter->handleRequest(null, Object(Config\Cache), false)
 7 FCPATH\index.php(67): CodeIgniter\CodeIgniter->run()
INFO - 2023-05-21 19:58:28 --> Session: Class initialized using 'CodeIgniter\Session\Handlers\FileHandler' driver.
CRITICAL - 2023-05-21 19:58:28 --> CodeIgniter\Validation\StrictRules\Rules::is_unique(): Argument #2 ($field) must be of type string, null given, called in D:\xampp\htdocs\casino1\system\Validation\Validation.php on line 311
in SYSTEMPATH\Validation\StrictRules\Rules.php on line 179.
 1 SYSTEMPATH\Validation\Validation.php(311): CodeIgniter\Validation\StrictRules\Rules->is_unique('m', null)
 2 SYSTEMPATH\Validation\Validation.php(170): CodeIgniter\Validation\Validation->processRules('user_name', 'UserName ', 'm', [...], [...])
 3 APPPATH\Controllers\Login.php(58): CodeIgniter\Validation\Validation->run()
 4 SYSTEMPATH\CodeIgniter.php(934): App\Controllers\Login->register()
 5 SYSTEMPATH\CodeIgniter.php(499): CodeIgniter\CodeIgniter->runController(Object(App\Controllers\Login))
 6 SYSTEMPATH\CodeIgniter.php(368): CodeIgniter\CodeIgniter->handleRequest(null, Object(Config\Cache), false)
 7 FCPATH\index.php(67): CodeIgniter\CodeIgniter->run()
INFO - 2023-05-21 19:58:28 --> Session: Class initialized using 'CodeIgniter\Session\Handlers\FileHandler' driver.
CRITICAL - 2023-05-21 19:58:28 --> CodeIgniter\Validation\StrictRules\Rules::is_unique(): Argument #2 ($field) must be of type string, null given, called in D:\xampp\htdocs\casino1\system\Validation\Validation.php on line 311
in SYSTEMPATH\Validation\StrictRules\Rules.php on line 179.
 1 SYSTEMPATH\Validation\Validation.php(311): CodeIgniter\Validation\StrictRules\Rules->is_unique('m', null)
 2 SYSTEMPATH\Validation\Validation.php(170): CodeIgniter\Validation\Validation->processRules('user_name', 'UserName ', 'm', [...], [...])
 3 APPPATH\Controllers\Login.php(58): CodeIgniter\Validation\Validation->run()
 4 SYSTEMPATH\CodeIgniter.php(934): App\Controllers\Login->register()
 5 SYSTEMPATH\CodeIgniter.php(499): CodeIgniter\CodeIgniter->runController(Object(App\Controllers\Login))
 6 SYSTEMPATH\CodeIgniter.php(368): CodeIgniter\CodeIgniter->handleRequest(null, Object(Config\Cache), false)
 7 FCPATH\index.php(67): CodeIgniter\CodeIgniter->run()
INFO - 2023-05-21 19:58:29 --> Session: Class initialized using 'CodeIgniter\Session\Handlers\FileHandler' driver.
CRITICAL - 2023-05-21 19:58:29 --> CodeIgniter\Validation\StrictRules\Rules::is_unique(): Argument #2 ($field) must be of type string, null given, called in D:\xampp\htdocs\casino1\system\Validation\Validation.php on line 311
in SYSTEMPATH\Validation\StrictRules\Rules.php on line 179.
 1 SYSTEMPATH\Validation\Validation.php(311): CodeIgniter\Validation\StrictRules\Rules->is_unique('m', null)
 2 SYSTEMPATH\Validation\Validation.php(170): CodeIgniter\Validation\Validation->processRules('user_name', 'UserName ', 'm', [...], [...])
 3 APPPATH\Controllers\Login.php(58): CodeIgniter\Validation\Validation->run()
 4 SYSTEMPATH\CodeIgniter.php(934): App\Controllers\Login->register()
 5 SYSTEMPATH\CodeIgniter.php(499): CodeIgniter\CodeIgniter->runController(Object(App\Controllers\Login))
 6 SYSTEMPATH\CodeIgniter.php(368): CodeIgniter\CodeIgniter->handleRequest(null, Object(Config\Cache), false)
 7 FCPATH\index.php(67): CodeIgniter\CodeIgniter->run()
INFO - 2023-05-21 19:58:29 --> Session: Class initialized using 'CodeIgniter\Session\Handlers\FileHandler' driver.
CRITICAL - 2023-05-21 19:58:29 --> CodeIgniter\Validation\StrictRules\Rules::is_unique(): Argument #2 ($field) must be of type string, null given, called in D:\xampp\htdocs\casino1\system\Validation\Validation.php on line 311
in SYSTEMPATH\Validation\StrictRules\Rules.php on line 179.
 1 SYSTEMPATH\Validation\Validation.php(311): CodeIgniter\Validation\StrictRules\Rules->is_unique('m', null)
 2 SYSTEMPATH\Validation\Validation.php(170): CodeIgniter\Validation\Validation->processRules('user_name', 'UserName ', 'm', [...], [...])
 3 APPPATH\Controllers\Login.php(58): CodeIgniter\Validation\Validation->run()
 4 SYSTEMPATH\CodeIgniter.php(934): App\Controllers\Login->register()
 5 SYSTEMPATH\CodeIgniter.php(499): CodeIgniter\CodeIgniter->runController(Object(App\Controllers\Login))
 6 SYSTEMPATH\CodeIgniter.php(368): CodeIgniter\CodeIgniter->handleRequest(null, Object(Config\Cache), false)
 7 FCPATH\index.php(67): CodeIgniter\CodeIgniter->run()
INFO - 2023-05-21 19:59:14 --> Session: Class initialized using 'CodeIgniter\Session\Handlers\FileHandler' driver.
INFO - 2023-05-21 19:59:14 --> Session: Class initialized using 'CodeIgniter\Session\Handlers\FileHandler' driver.
INFO - 2023-05-21 19:59:15 --> Session: Class initialized using 'CodeIgniter\Session\Handlers\FileHandler' driver.
INFO - 2023-05-21 19:59:23 --> Session: Class initialized using 'CodeIgniter\Session\Handlers\FileHandler' driver.
CRITICAL - 2023-05-21 19:59:23 --> CodeIgniter\Validation\StrictRules\Rules::is_unique(): Argument #2 ($field) must be of type string, null given, called in D:\xampp\htdocs\casino1\system\Validation\Validation.php on line 311
in SYSTEMPATH\Validation\StrictRules\Rules.php on line 179.
 1 SYSTEMPATH\Validation\Validation.php(311): CodeIgniter\Validation\StrictRules\Rules->is_unique('n', null)
 2 SYSTEMPATH\Validation\Validation.php(170): CodeIgniter\Validation\Validation->processRules('user_name', 'UserName ', 'n', [...], [...])
 3 APPPATH\Controllers\Login.php(58): CodeIgniter\Validation\Validation->run()
 4 SYSTEMPATH\CodeIgniter.php(934): App\Controllers\Login->register()
 5 SYSTEMPATH\CodeIgniter.php(499): CodeIgniter\CodeIgniter->runController(Object(App\Controllers\Login))
 6 SYSTEMPATH\CodeIgniter.php(368): CodeIgniter\CodeIgniter->handleRequest(null, Object(Config\Cache), false)
 7 FCPATH\index.php(67): CodeIgniter\CodeIgniter->run()
INFO - 2023-05-21 19:59:24 --> Session: Class initialized using 'CodeIgniter\Session\Handlers\FileHandler' driver.
CRITICAL - 2023-05-21 19:59:24 --> CodeIgniter\Validation\StrictRules\Rules::is_unique(): Argument #2 ($field) must be of type string, null given, called in D:\xampp\htdocs\casino1\system\Validation\Validation.php on line 311
in SYSTEMPATH\Validation\StrictRules\Rules.php on line 179.
 1 SYSTEMPATH\Validation\Validation.php(311): CodeIgniter\Validation\StrictRules\Rules->is_unique('n', null)
 2 SYSTEMPATH\Validation\Validation.php(170): CodeIgniter\Validation\Validation->processRules('user_name', 'UserName ', 'n', [...], [...])
 3 APPPATH\Controllers\Login.php(58): CodeIgniter\Validation\Validation->run()
 4 SYSTEMPATH\CodeIgniter.php(934): App\Controllers\Login->register()
 5 SYSTEMPATH\CodeIgniter.php(499): CodeIgniter\CodeIgniter->runController(Object(App\Controllers\Login))
 6 SYSTEMPATH\CodeIgniter.php(368): CodeIgniter\CodeIgniter->handleRequest(null, Object(Config\Cache), false)
 7 FCPATH\index.php(67): CodeIgniter\CodeIgniter->run()
INFO - 2023-05-21 19:59:25 --> Session: Class initialized using 'CodeIgniter\Session\Handlers\FileHandler' driver.
CRITICAL - 2023-05-21 19:59:25 --> CodeIgniter\Validation\StrictRules\Rules::is_unique(): Argument #2 ($field) must be of type string, null given, called in D:\xampp\htdocs\casino1\system\Validation\Validation.php on line 311
in SYSTEMPATH\Validation\StrictRules\Rules.php on line 179.
 1 SYSTEMPATH\Validation\Validation.php(311): CodeIgniter\Validation\StrictRules\Rules->is_unique('n', null)
 2 SYSTEMPATH\Validation\Validation.php(170): CodeIgniter\Validation\Validation->processRules('user_name', 'UserName ', 'n', [...], [...])
 3 APPPATH\Controllers\Login.php(58): CodeIgniter\Validation\Validation->run()
 4 SYSTEMPATH\CodeIgniter.php(934): App\Controllers\Login->register()
 5 SYSTEMPATH\CodeIgniter.php(499): CodeIgniter\CodeIgniter->runController(Object(App\Controllers\Login))
 6 SYSTEMPATH\CodeIgniter.php(368): CodeIgniter\CodeIgniter->handleRequest(null, Object(Config\Cache), false)
 7 FCPATH\index.php(67): CodeIgniter\CodeIgniter->run()
INFO - 2023-05-21 19:59:26 --> Session: Class initialized using 'CodeIgniter\Session\Handlers\FileHandler' driver.
CRITICAL - 2023-05-21 19:59:26 --> CodeIgniter\Validation\StrictRules\Rules::is_unique(): Argument #2 ($field) must be of type string, null given, called in D:\xampp\htdocs\casino1\system\Validation\Validation.php on line 311
in SYSTEMPATH\Validation\StrictRules\Rules.php on line 179.
 1 SYSTEMPATH\Validation\Validation.php(311): CodeIgniter\Validation\StrictRules\Rules->is_unique('n', null)
 2 SYSTEMPATH\Validation\Validation.php(170): CodeIgniter\Validation\Validation->processRules('user_name', 'UserName ', 'n', [...], [...])
 3 APPPATH\Controllers\Login.php(58): CodeIgniter\Validation\Validation->run()
 4 SYSTEMPATH\CodeIgniter.php(934): App\Controllers\Login->register()
 5 SYSTEMPATH\CodeIgniter.php(499): CodeIgniter\CodeIgniter->runController(Object(App\Controllers\Login))
 6 SYSTEMPATH\CodeIgniter.php(368): CodeIgniter\CodeIgniter->handleRequest(null, Object(Config\Cache), false)
 7 FCPATH\index.php(67): CodeIgniter\CodeIgniter->run()
INFO - 2023-05-21 19:59:26 --> Session: Class initialized using 'CodeIgniter\Session\Handlers\FileHandler' driver.
CRITICAL - 2023-05-21 19:59:26 --> CodeIgniter\Validation\StrictRules\Rules::is_unique(): Argument #2 ($field) must be of type string, null given, called in D:\xampp\htdocs\casino1\system\Validation\Validation.php on line 311
in SYSTEMPATH\Validation\StrictRules\Rules.php on line 179.
 1 SYSTEMPATH\Validation\Validation.php(311): CodeIgniter\Validation\StrictRules\Rules->is_unique('n', null)
 2 SYSTEMPATH\Validation\Validation.php(170): CodeIgniter\Validation\Validation->processRules('user_name', 'UserName ', 'n', [...], [...])
 3 APPPATH\Controllers\Login.php(58): CodeIgniter\Validation\Validation->run()
 4 SYSTEMPATH\CodeIgniter.php(934): App\Controllers\Login->register()
 5 SYSTEMPATH\CodeIgniter.php(499): CodeIgniter\CodeIgniter->runController(Object(App\Controllers\Login))
 6 SYSTEMPATH\CodeIgniter.php(368): CodeIgniter\CodeIgniter->handleRequest(null, Object(Config\Cache), false)
 7 FCPATH\index.php(67): CodeIgniter\CodeIgniter->run()
INFO - 2023-05-21 19:59:35 --> Session: Class initialized using 'CodeIgniter\Session\Handlers\FileHandler' driver.
CRITICAL - 2023-05-21 19:59:35 --> CodeIgniter\Validation\StrictRules\Rules::is_unique(): Argument #2 ($field) must be of type string, null given, called in D:\xampp\htdocs\casino1\system\Validation\Validation.php on line 311
in SYSTEMPATH\Validation\StrictRules\Rules.php on line 179.
 1 SYSTEMPATH\Validation\Validation.php(311): CodeIgniter\Validation\StrictRules\Rules->is_unique('n', null)
 2 SYSTEMPATH\Validation\Validation.php(170): CodeIgniter\Validation\Validation->processRules('user_name', 'UserName ', 'n', [...], [...])
 3 APPPATH\Controllers\Login.php(58): CodeIgniter\Validation\Validation->run()
 4 SYSTEMPATH\CodeIgniter.php(934): App\Controllers\Login->register()
 5 SYSTEMPATH\CodeIgniter.php(499): CodeIgniter\CodeIgniter->runController(Object(App\Controllers\Login))
 6 SYSTEMPATH\CodeIgniter.php(368): CodeIgniter\CodeIgniter->handleRequest(null, Object(Config\Cache), false)
 7 FCPATH\index.php(67): CodeIgniter\CodeIgniter->run()
INFO - 2023-05-21 20:00:26 --> Session: Class initialized using 'CodeIgniter\Session\Handlers\FileHandler' driver.
CRITICAL - 2023-05-21 20:00:26 --> CodeIgniter\Validation\StrictRules\Rules::is_unique(): Argument #2 ($field) must be of type string, null given, called in D:\xampp\htdocs\casino1\system\Validation\Validation.php on line 311
in SYSTEMPATH\Validation\StrictRules\Rules.php on line 179.
 1 SYSTEMPATH\Validation\Validation.php(311): CodeIgniter\Validation\StrictRules\Rules->is_unique('kjkhi', null)
 2 SYSTEMPATH\Validation\Validation.php(170): CodeIgniter\Validation\Validation->processRules('user_email', 'Email ', 'kjkhi', [...], [...])
 3 APPPATH\Controllers\Login.php(58): CodeIgniter\Validation\Validation->run()
 4 SYSTEMPATH\CodeIgniter.php(934): App\Controllers\Login->register()
 5 SYSTEMPATH\CodeIgniter.php(499): CodeIgniter\CodeIgniter->runController(Object(App\Controllers\Login))
 6 SYSTEMPATH\CodeIgniter.php(368): CodeIgniter\CodeIgniter->handleRequest(null, Object(Config\Cache), false)
 7 FCPATH\index.php(67): CodeIgniter\CodeIgniter->run()
INFO - 2023-05-21 20:00:52 --> Session: Class initialized using 'CodeIgniter\Session\Handlers\FileHandler' driver.
INFO - 2023-05-21 20:01:09 --> Session: Class initialized using 'CodeIgniter\Session\Handlers\FileHandler' driver.
CRITICAL - 2023-05-21 20:01:09 --> CodeIgniter\Validation\StrictRules\Rules::is_unique(): Argument #2 ($field) must be of type string, null given, called in D:\xampp\htdocs\casino1\system\Validation\Validation.php on line 311
in SYSTEMPATH\Validation\StrictRules\Rules.php on line 179.
 1 SYSTEMPATH\Validation\Validation.php(311): CodeIgniter\Validation\StrictRules\Rules->is_unique('tewt', null)
 2 SYSTEMPATH\Validation\Validation.php(170): CodeIgniter\Validation\Validation->processRules('user_name', 'UserName ', 'tewt', [...], [...])
 3 APPPATH\Controllers\Login.php(58): CodeIgniter\Validation\Validation->run()
 4 SYSTEMPATH\CodeIgniter.php(934): App\Controllers\Login->register()
 5 SYSTEMPATH\CodeIgniter.php(499): CodeIgniter\CodeIgniter->runController(Object(App\Controllers\Login))
 6 SYSTEMPATH\CodeIgniter.php(368): CodeIgniter\CodeIgniter->handleRequest(null, Object(Config\Cache), false)
 7 FCPATH\index.php(67): CodeIgniter\CodeIgniter->run()
INFO - 2023-05-21 20:01:35 --> Session: Class initialized using 'CodeIgniter\Session\Handlers\FileHandler' driver.
CRITICAL - 2023-05-21 20:01:35 --> CodeIgniter\Validation\StrictRules\Rules::is_unique(): Argument #2 ($field) must be of type string, null given, called in D:\xampp\htdocs\casino1\system\Validation\Validation.php on line 311
in SYSTEMPATH\Validation\StrictRules\Rules.php on line 179.
 1 SYSTEMPATH\Validation\Validation.php(311): CodeIgniter\Validation\StrictRules\Rules->is_unique('6868', null)
 2 SYSTEMPATH\Validation\Validation.php(170): CodeIgniter\Validation\Validation->processRules('user_phone', 'Phone ', '6868', [...], [...])
 3 APPPATH\Controllers\Login.php(58): CodeIgniter\Validation\Validation->run()
 4 SYSTEMPATH\CodeIgniter.php(934): App\Controllers\Login->register()
 5 SYSTEMPATH\CodeIgniter.php(499): CodeIgniter\CodeIgniter->runController(Object(App\Controllers\Login))
 6 SYSTEMPATH\CodeIgniter.php(368): CodeIgniter\CodeIgniter->handleRequest(null, Object(Config\Cache), false)
 7 FCPATH\index.php(67): CodeIgniter\CodeIgniter->run()
INFO - 2023-05-21 20:02:16 --> Session: Class initialized using 'CodeIgniter\Session\Handlers\FileHandler' driver.
INFO - 2023-05-21 20:02:36 --> Session: Class initialized using 'CodeIgniter\Session\Handlers\FileHandler' driver.
INFO - 2023-05-21 20:02:53 --> Session: Class initialized using 'CodeIgniter\Session\Handlers\FileHandler' driver.
INFO - 2023-05-21 20:03:01 --> Session: Class initialized using 'CodeIgniter\Session\Handlers\FileHandler' driver.
INFO - 2023-05-21 20:03:23 --> Session: Class initialized using 'CodeIgniter\Session\Handlers\FileHandler' driver.
INFO - 2023-05-21 20:03:32 --> Session: Class initialized using 'CodeIgniter\Session\Handlers\FileHandler' driver.
INFO - 2023-05-21 20:03:42 --> Session: Class initialized using 'CodeIgniter\Session\Handlers\FileHandler' driver.
CRITICAL - 2023-05-21 20:03:42 --> CodeIgniter\Validation\StrictRules\Rules::is_unique(): Argument #2 ($field) must be of type string, null given, called in D:\xampp\htdocs\casino1\system\Validation\Validation.php on line 311
in SYSTEMPATH\Validation\StrictRules\Rules.php on line 179.
 1 SYSTEMPATH\Validation\Validation.php(311): CodeIgniter\Validation\StrictRules\Rules->is_unique('test', null)
 2 SYSTEMPATH\Validation\Validation.php(170): CodeIgniter\Validation\Validation->processRules('user_email', 'Email ', 'test', [...], [...])
 3 APPPATH\Controllers\Login.php(58): CodeIgniter\Validation\Validation->run()
 4 SYSTEMPATH\CodeIgniter.php(934): App\Controllers\Login->register()
 5 SYSTEMPATH\CodeIgniter.php(499): CodeIgniter\CodeIgniter->runController(Object(App\Controllers\Login))
 6 SYSTEMPATH\CodeIgniter.php(368): CodeIgniter\CodeIgniter->handleRequest(null, Object(Config\Cache), false)
 7 FCPATH\index.php(67): CodeIgniter\CodeIgniter->run()
INFO - 2023-05-21 20:04:26 --> Session: Class initialized using 'CodeIgniter\Session\Handlers\FileHandler' driver.
INFO - 2023-05-21 20:08:47 --> Session: Class initialized using 'CodeIgniter\Session\Handlers\FileHandler' driver.
INFO - 2023-05-21 20:09:01 --> Session: Class initialized using 'CodeIgniter\Session\Handlers\FileHandler' driver.
CRITICAL - 2023-05-21 20:09:02 --> Undefined variable $json
in APPPATH\Controllers\Login.php on line 76.
 1 APPPATH\Controllers\Login.php(76): CodeIgniter\Debug\Exceptions->errorHandler(2, 'Undefined variable $json', 'APPPATH\\Controllers\\Login.php', 76)
 2 SYSTEMPATH\CodeIgniter.php(934): App\Controllers\Login->register()
 3 SYSTEMPATH\CodeIgniter.php(499): CodeIgniter\CodeIgniter->runController(Object(App\Controllers\Login))
 4 SYSTEMPATH\CodeIgniter.php(368): CodeIgniter\CodeIgniter->handleRequest(null, Object(Config\Cache), false)
 5 FCPATH\index.php(67): CodeIgniter\CodeIgniter->run()
INFO - 2023-05-21 20:09:07 --> Session: Class initialized using 'CodeIgniter\Session\Handlers\FileHandler' driver.
INFO - 2023-05-21 20:10:02 --> Session: Class initialized using 'CodeIgniter\Session\Handlers\FileHandler' driver.
INFO - 2023-05-21 20:10:19 --> Session: Class initialized using 'CodeIgniter\Session\Handlers\FileHandler' driver.
INFO - 2023-05-21 20:10:19 --> Session: Class initialized using 'CodeIgniter\Session\Handlers\FileHandler' driver.
INFO - 2023-05-21 20:12:54 --> Session: Class initialized using 'CodeIgniter\Session\Handlers\FileHandler' driver.
INFO - 2023-05-21 20:12:59 --> Session: Class initialized using 'CodeIgniter\Session\Handlers\FileHandler' driver.
INFO - 2023-05-21 20:13:03 --> Session: Class initialized using 'CodeIgniter\Session\Handlers\FileHandler' driver.
INFO - 2023-05-21 20:17:29 --> Session: Class initialized using 'CodeIgniter\Session\Handlers\FileHandler' driver.
ERROR - 2023-05-21 20:17:29 --> mysqli_sql_exception: Table 'casino.coins' doesn't exist in D:\xampp\htdocs\casino1\system\Database\MySQLi\Connection.php:295
Stack trace:
#0 D:\xampp\htdocs\casino1\system\Database\MySQLi\Connection.php(295): mysqli->query('SELECT *\nFROM `...', 0)
#1 D:\xampp\htdocs\casino1\system\Database\BaseConnection.php(691): CodeIgniter\Database\MySQLi\Connection->execute('SELECT *\nFROM `...')
#2 D:\xampp\htdocs\casino1\system\Database\BaseConnection.php(605): CodeIgniter\Database\BaseConnection->simpleQuery('SELECT *\nFROM `...')
#3 D:\xampp\htdocs\casino1\system\Database\BaseBuilder.php(1602): CodeIgniter\Database\BaseConnection->query('SELECT *\nFROM `...', Array, false)
#4 D:\xampp\htdocs\casino1\app\Views\index.php(7): CodeIgniter\Database\BaseBuilder->get()
#5 D:\xampp\htdocs\casino1\system\View\View.php(213): include('D:\\xampp\\htdocs...')
#6 D:\xampp\htdocs\casino1\system\View\View.php(216): CodeIgniter\View\View->CodeIgniter\View\{closure}()
#7 D:\xampp\htdocs\casino1\system\Common.php(1177): CodeIgniter\View\View->render('index', Array, true)
#8 D:\xampp\htdocs\casino1\app\Controllers\Home.php(9): view('index')
#9 D:\xampp\htdocs\casino1\system\CodeIgniter.php(934): App\Controllers\Home->view()
#10 D:\xampp\htdocs\casino1\system\CodeIgniter.php(499): CodeIgniter\CodeIgniter->runController(Object(App\Controllers\Home))
#11 D:\xampp\htdocs\casino1\system\CodeIgniter.php(368): CodeIgniter\CodeIgniter->handleRequest(NULL, Object(Config\Cache), false)
#12 D:\xampp\htdocs\casino1\index.php(67): CodeIgniter\CodeIgniter->run()
#13 {main}
CRITICAL - 2023-05-21 20:17:29 --> Table 'casino.coins' doesn't exist
in SYSTEMPATH\Database\BaseConnection.php on line 645.
 1 SYSTEMPATH\Database\BaseBuilder.php(1602): CodeIgniter\Database\BaseConnection->query('SELECT *
FROM `coins`
WHERE `user_id` IS NULL', [], false)
 2 APPPATH\Views\index.php(7): CodeIgniter\Database\BaseBuilder->get()
 3 SYSTEMPATH\View\View.php(213): include('APPPATH\\Views\\index.php')
 4 SYSTEMPATH\View\View.php(216): CodeIgniter\View\View->CodeIgniter\View\{closure}()
 5 SYSTEMPATH\Common.php(1177): CodeIgniter\View\View->render('index', [], true)
 6 APPPATH\Controllers\Home.php(9): view('index')
 7 SYSTEMPATH\CodeIgniter.php(934): App\Controllers\Home->view()
 8 SYSTEMPATH\CodeIgniter.php(499): CodeIgniter\CodeIgniter->runController(Object(App\Controllers\Home))
 9 SYSTEMPATH\CodeIgniter.php(368): CodeIgniter\CodeIgniter->handleRequest(null, Object(Config\Cache), false)
10 FCPATH\index.php(67): CodeIgniter\CodeIgniter->run()
INFO - 2023-05-21 20:17:43 --> Session: Class initialized using 'CodeIgniter\Session\Handlers\FileHandler' driver.
CRITICAL - 2023-05-21 20:17:43 --> Undefined array key 0
in APPPATH\Views\index.php on line 8.
 1 APPPATH\Views\index.php(8): CodeIgniter\Debug\Exceptions->errorHandler(2, 'Undefined array key 0', 'APPPATH\\Views\\index.php', 8)
 2 SYSTEMPATH\View\View.php(213): include('APPPATH\\Views\\index.php')
 3 SYSTEMPATH\View\View.php(216): CodeIgniter\View\View->CodeIgniter\View\{closure}()
 4 SYSTEMPATH\Common.php(1177): CodeIgniter\View\View->render('index', [], true)
 5 APPPATH\Controllers\Home.php(9): view('index')
 6 SYSTEMPATH\CodeIgniter.php(934): App\Controllers\Home->view()
 7 SYSTEMPATH\CodeIgniter.php(499): CodeIgniter\CodeIgniter->runController(Object(App\Controllers\Home))
 8 SYSTEMPATH\CodeIgniter.php(368): CodeIgniter\CodeIgniter->handleRequest(null, Object(Config\Cache), false)
 9 FCPATH\index.php(67): CodeIgniter\CodeIgniter->run()
INFO - 2023-05-21 20:18:43 --> Session: Class initialized using 'CodeIgniter\Session\Handlers\FileHandler' driver.
CRITICAL - 2023-05-21 20:18:43 --> Undefined array key 0
in APPPATH\Views\index.php on line 8.
 1 APPPATH\Views\index.php(8): CodeIgniter\Debug\Exceptions->errorHandler(2, 'Undefined array key 0', 'APPPATH\\Views\\index.php', 8)
 2 SYSTEMPATH\View\View.php(213): include('APPPATH\\Views\\index.php')
 3 SYSTEMPATH\View\View.php(216): CodeIgniter\View\View->CodeIgniter\View\{closure}()
 4 SYSTEMPATH\Common.php(1177): CodeIgniter\View\View->render('index', [], true)
 5 APPPATH\Controllers\Home.php(9): view('index')
 6 SYSTEMPATH\CodeIgniter.php(934): App\Controllers\Home->view()
 7 SYSTEMPATH\CodeIgniter.php(499): CodeIgniter\CodeIgniter->runController(Object(App\Controllers\Home))
 8 SYSTEMPATH\CodeIgniter.php(368): CodeIgniter\CodeIgniter->handleRequest(null, Object(Config\Cache), false)
 9 FCPATH\index.php(67): CodeIgniter\CodeIgniter->run()
INFO - 2023-05-21 20:18:46 --> Session: Class initialized using 'CodeIgniter\Session\Handlers\FileHandler' driver.
CRITICAL - 2023-05-21 20:18:46 --> Undefined array key 0
in APPPATH\Views\index.php on line 8.
 1 APPPATH\Views\index.php(8): CodeIgniter\Debug\Exceptions->errorHandler(2, 'Undefined array key 0', 'APPPATH\\Views\\index.php', 8)
 2 SYSTEMPATH\View\View.php(213): include('APPPATH\\Views\\index.php')
 3 SYSTEMPATH\View\View.php(216): CodeIgniter\View\View->CodeIgniter\View\{closure}()
 4 SYSTEMPATH\Common.php(1177): CodeIgniter\View\View->render('index', [], true)
 5 APPPATH\Controllers\Home.php(9): view('index')
 6 SYSTEMPATH\CodeIgniter.php(934): App\Controllers\Home->view()
 7 SYSTEMPATH\CodeIgniter.php(499): CodeIgniter\CodeIgniter->runController(Object(App\Controllers\Home))
 8 SYSTEMPATH\CodeIgniter.php(368): CodeIgniter\CodeIgniter->handleRequest(null, Object(Config\Cache), false)
 9 FCPATH\index.php(67): CodeIgniter\CodeIgniter->run()
INFO - 2023-05-21 20:18:51 --> Session: Class initialized using 'CodeIgniter\Session\Handlers\FileHandler' driver.
CRITICAL - 2023-05-21 20:18:51 --> Undefined array key "coins"
in APPPATH\Views\index.php on line 8.
 1 APPPATH\Views\index.php(8): CodeIgniter\Debug\Exceptions->errorHandler(2, 'Undefined array key "coins"', 'APPPATH\\Views\\index.php', 8)
 2 SYSTEMPATH\View\View.php(213): include('APPPATH\\Views\\index.php')
 3 SYSTEMPATH\View\View.php(216): CodeIgniter\View\View->CodeIgniter\View\{closure}()
 4 SYSTEMPATH\Common.php(1177): CodeIgniter\View\View->render('index', [], true)
 5 APPPATH\Controllers\Home.php(9): view('index')
 6 SYSTEMPATH\CodeIgniter.php(934): App\Controllers\Home->view()
 7 SYSTEMPATH\CodeIgniter.php(499): CodeIgniter\CodeIgniter->runController(Object(App\Controllers\Home))
 8 SYSTEMPATH\CodeIgniter.php(368): CodeIgniter\CodeIgniter->handleRequest(null, Object(Config\Cache), false)
 9 FCPATH\index.php(67): CodeIgniter\CodeIgniter->run()
INFO - 2023-05-21 20:18:59 --> Session: Class initialized using 'CodeIgniter\Session\Handlers\FileHandler' driver.
CRITICAL - 2023-05-21 20:18:59 --> Undefined array key 0
in APPPATH\Views\index.php on line 8.
 1 APPPATH\Views\index.php(8): CodeIgniter\Debug\Exceptions->errorHandler(2, 'Undefined array key 0', 'APPPATH\\Views\\index.php', 8)
 2 SYSTEMPATH\View\View.php(213): include('APPPATH\\Views\\index.php')
 3 SYSTEMPATH\View\View.php(216): CodeIgniter\View\View->CodeIgniter\View\{closure}()
 4 SYSTEMPATH\Common.php(1177): CodeIgniter\View\View->render('index', [], true)
 5 APPPATH\Controllers\Home.php(9): view('index')
 6 SYSTEMPATH\CodeIgniter.php(934): App\Controllers\Home->view()
 7 SYSTEMPATH\CodeIgniter.php(499): CodeIgniter\CodeIgniter->runController(Object(App\Controllers\Home))
 8 SYSTEMPATH\CodeIgniter.php(368): CodeIgniter\CodeIgniter->handleRequest(null, Object(Config\Cache), false)
 9 FCPATH\index.php(67): CodeIgniter\CodeIgniter->run()
INFO - 2023-05-21 20:18:59 --> Session: Class initialized using 'CodeIgniter\Session\Handlers\FileHandler' driver.
CRITICAL - 2023-05-21 20:18:59 --> Undefined array key 0
in APPPATH\Views\index.php on line 8.
 1 APPPATH\Views\index.php(8): CodeIgniter\Debug\Exceptions->errorHandler(2, 'Undefined array key 0', 'APPPATH\\Views\\index.php', 8)
 2 SYSTEMPATH\View\View.php(213): include('APPPATH\\Views\\index.php')
 3 SYSTEMPATH\View\View.php(216): CodeIgniter\View\View->CodeIgniter\View\{closure}()
 4 SYSTEMPATH\Common.php(1177): CodeIgniter\View\View->render('index', [], true)
 5 APPPATH\Controllers\Home.php(9): view('index')
 6 SYSTEMPATH\CodeIgniter.php(934): App\Controllers\Home->view()
 7 SYSTEMPATH\CodeIgniter.php(499): CodeIgniter\CodeIgniter->runController(Object(App\Controllers\Home))
 8 SYSTEMPATH\CodeIgniter.php(368): CodeIgniter\CodeIgniter->handleRequest(null, Object(Config\Cache), false)
 9 FCPATH\index.php(67): CodeIgniter\CodeIgniter->run()
INFO - 2023-05-21 20:19:01 --> Session: Class initialized using 'CodeIgniter\Session\Handlers\FileHandler' driver.
CRITICAL - 2023-05-21 20:19:01 --> Undefined array key 0
in APPPATH\Views\index.php on line 8.
 1 APPPATH\Views\index.php(8): CodeIgniter\Debug\Exceptions->errorHandler(2, 'Undefined array key 0', 'APPPATH\\Views\\index.php', 8)
 2 SYSTEMPATH\View\View.php(213): include('APPPATH\\Views\\index.php')
 3 SYSTEMPATH\View\View.php(216): CodeIgniter\View\View->CodeIgniter\View\{closure}()
 4 SYSTEMPATH\Common.php(1177): CodeIgniter\View\View->render('index', [], true)
 5 APPPATH\Controllers\Home.php(9): view('index')
 6 SYSTEMPATH\CodeIgniter.php(934): App\Controllers\Home->view()
 7 SYSTEMPATH\CodeIgniter.php(499): CodeIgniter\CodeIgniter->runController(Object(App\Controllers\Home))
 8 SYSTEMPATH\CodeIgniter.php(368): CodeIgniter\CodeIgniter->handleRequest(null, Object(Config\Cache), false)
 9 FCPATH\index.php(67): CodeIgniter\CodeIgniter->run()
INFO - 2023-05-21 20:19:02 --> Session: Class initialized using 'CodeIgniter\Session\Handlers\FileHandler' driver.
CRITICAL - 2023-05-21 20:19:02 --> Undefined array key 0
in APPPATH\Views\index.php on line 8.
 1 APPPATH\Views\index.php(8): CodeIgniter\Debug\Exceptions->errorHandler(2, 'Undefined array key 0', 'APPPATH\\Views\\index.php', 8)
 2 SYSTEMPATH\View\View.php(213): include('APPPATH\\Views\\index.php')
 3 SYSTEMPATH\View\View.php(216): CodeIgniter\View\View->CodeIgniter\View\{closure}()
 4 SYSTEMPATH\Common.php(1177): CodeIgniter\View\View->render('index', [], true)
 5 APPPATH\Controllers\Home.php(9): view('index')
 6 SYSTEMPATH\CodeIgniter.php(934): App\Controllers\Home->view()
 7 SYSTEMPATH\CodeIgniter.php(499): CodeIgniter\CodeIgniter->runController(Object(App\Controllers\Home))
 8 SYSTEMPATH\CodeIgniter.php(368): CodeIgniter\CodeIgniter->handleRequest(null, Object(Config\Cache), false)
 9 FCPATH\index.php(67): CodeIgniter\CodeIgniter->run()
INFO - 2023-05-21 20:19:03 --> Session: Class initialized using 'CodeIgniter\Session\Handlers\FileHandler' driver.
CRITICAL - 2023-05-21 20:19:03 --> Undefined array key 0
in APPPATH\Views\index.php on line 8.
 1 APPPATH\Views\index.php(8): CodeIgniter\Debug\Exceptions->errorHandler(2, 'Undefined array key 0', 'APPPATH\\Views\\index.php', 8)
 2 SYSTEMPATH\View\View.php(213): include('APPPATH\\Views\\index.php')
 3 SYSTEMPATH\View\View.php(216): CodeIgniter\View\View->CodeIgniter\View\{closure}()
 4 SYSTEMPATH\Common.php(1177): CodeIgniter\View\View->render('index', [], true)
 5 APPPATH\Controllers\Home.php(9): view('index')
 6 SYSTEMPATH\CodeIgniter.php(934): App\Controllers\Home->view()
 7 SYSTEMPATH\CodeIgniter.php(499): CodeIgniter\CodeIgniter->runController(Object(App\Controllers\Home))
 8 SYSTEMPATH\CodeIgniter.php(368): CodeIgniter\CodeIgniter->handleRequest(null, Object(Config\Cache), false)
 9 FCPATH\index.php(67): CodeIgniter\CodeIgniter->run()
INFO - 2023-05-21 20:19:04 --> Session: Class initialized using 'CodeIgniter\Session\Handlers\FileHandler' driver.
INFO - 2023-05-21 20:19:04 --> Session: Class initialized using 'CodeIgniter\Session\Handlers\FileHandler' driver.
CRITICAL - 2023-05-21 20:19:04 --> Undefined array key 0
in APPPATH\Views\index.php on line 8.
 1 APPPATH\Views\index.php(8): CodeIgniter\Debug\Exceptions->errorHandler(2, 'Undefined array key 0', 'APPPATH\\Views\\index.php', 8)
 2 SYSTEMPATH\View\View.php(213): include('APPPATH\\Views\\index.php')
 3 SYSTEMPATH\View\View.php(216): CodeIgniter\View\View->CodeIgniter\View\{closure}()
 4 SYSTEMPATH\Common.php(1177): CodeIgniter\View\View->render('index', [], true)
 5 APPPATH\Controllers\Home.php(9): view('index')
 6 SYSTEMPATH\CodeIgniter.php(934): App\Controllers\Home->view()
 7 SYSTEMPATH\CodeIgniter.php(499): CodeIgniter\CodeIgniter->runController(Object(App\Controllers\Home))
 8 SYSTEMPATH\CodeIgniter.php(368): CodeIgniter\CodeIgniter->handleRequest(null, Object(Config\Cache), false)
 9 FCPATH\index.php(67): CodeIgniter\CodeIgniter->run()
INFO - 2023-05-21 20:19:08 --> Session: Class initialized using 'CodeIgniter\Session\Handlers\FileHandler' driver.
INFO - 2023-05-21 20:20:11 --> Session: Class initialized using 'CodeIgniter\Session\Handlers\FileHandler' driver.
INFO - 2023-05-21 20:20:34 --> Session: Class initialized using 'CodeIgniter\Session\Handlers\FileHandler' driver.
INFO - 2023-05-21 20:20:36 --> Session: Class initialized using 'CodeIgniter\Session\Handlers\FileHandler' driver.
INFO - 2023-05-21 20:20:51 --> Session: Class initialized using 'CodeIgniter\Session\Handlers\FileHandler' driver.
INFO - 2023-05-21 20:21:24 --> Session: Class initialized using 'CodeIgniter\Session\Handlers\FileHandler' driver.
INFO - 2023-05-21 20:21:32 --> Session: Class initialized using 'CodeIgniter\Session\Handlers\FileHandler' driver.
INFO - 2023-05-21 20:21:33 --> Session: Class initialized using 'CodeIgniter\Session\Handlers\FileHandler' driver.
INFO - 2023-05-21 20:21:34 --> Session: Class initialized using 'CodeIgniter\Session\Handlers\FileHandler' driver.
INFO - 2023-05-21 20:21:52 --> Session: Class initialized using 'CodeIgniter\Session\Handlers\FileHandler' driver.
CRITICAL - 2023-05-21 20:21:52 --> Undefined array key "coins"
in APPPATH\Views\index.php on line 8.
 1 APPPATH\Views\index.php(8): CodeIgniter\Debug\Exceptions->errorHandler(2, 'Undefined array key "coins"', 'APPPATH\\Views\\index.php', 8)
 2 SYSTEMPATH\View\View.php(213): include('APPPATH\\Views\\index.php')
 3 SYSTEMPATH\View\View.php(216): CodeIgniter\View\View->CodeIgniter\View\{closure}()
 4 SYSTEMPATH\Common.php(1177): CodeIgniter\View\View->render('index', [], true)
 5 APPPATH\Controllers\Home.php(9): view('index')
 6 SYSTEMPATH\CodeIgniter.php(934): App\Controllers\Home->view()
 7 SYSTEMPATH\CodeIgniter.php(499): CodeIgniter\CodeIgniter->runController(Object(App\Controllers\Home))
 8 SYSTEMPATH\CodeIgniter.php(368): CodeIgniter\CodeIgniter->handleRequest(null, Object(Config\Cache), false)
 9 FCPATH\index.php(67): CodeIgniter\CodeIgniter->run()
INFO - 2023-05-21 20:21:57 --> Session: Class initialized using 'CodeIgniter\Session\Handlers\FileHandler' driver.
INFO - 2023-05-21 20:22:12 --> Session: Class initialized using 'CodeIgniter\Session\Handlers\FileHandler' driver.
INFO - 2023-05-21 20:22:52 --> Session: Class initialized using 'CodeIgniter\Session\Handlers\FileHandler' driver.
INFO - 2023-05-21 20:23:14 --> Session: Class initialized using 'CodeIgniter\Session\Handlers\FileHandler' driver.
CRITICAL - 2023-05-21 20:23:14 --> syntax error, unexpected token "}", expecting "," or ";"
in APPPATH\Views\index.php on line 212.
 1 SYSTEMPATH\View\View.php(216): CodeIgniter\View\View->CodeIgniter\View\{closure}()
 2 SYSTEMPATH\Common.php(1177): CodeIgniter\View\View->render('index', [], true)
 3 APPPATH\Controllers\Home.php(9): view('index')
 4 SYSTEMPATH\CodeIgniter.php(934): App\Controllers\Home->view()
 5 SYSTEMPATH\CodeIgniter.php(499): CodeIgniter\CodeIgniter->runController(Object(App\Controllers\Home))
 6 SYSTEMPATH\CodeIgniter.php(368): CodeIgniter\CodeIgniter->handleRequest(null, Object(Config\Cache), false)
 7 FCPATH\index.php(67): CodeIgniter\CodeIgniter->run()
INFO - 2023-05-21 20:23:31 --> Session: Class initialized using 'CodeIgniter\Session\Handlers\FileHandler' driver.
